2025-06-14 02:29:30,292 - INFO - Không trích xuất được text trực tiếp, đang sử dụng OCR...
2025-06-14 02:29:49,691 - INFO - Đang OCR trang 1...
2025-06-14 02:29:51,188 - INFO - Đang OCR trang 2...
2025-06-14 02:29:53,120 - INFO - Đang OCR trang 3...
2025-06-14 02:29:54,973 - INFO - Đang OCR trang 4...
2025-06-14 02:29:56,844 - INFO - Đang OCR trang 5...
2025-06-14 02:29:58,585 - INFO - Đang OCR trang 6...
2025-06-14 02:30:00,245 - INFO - Đang OCR trang 7...
2025-06-14 02:30:02,135 - INFO - Đang OCR trang 8...
2025-06-14 02:30:04,004 - INFO - Đang OCR trang 9...
2025-06-14 02:30:05,856 - INFO - Đang OCR trang 10...
2025-06-14 02:30:07,680 - INFO - Đang OCR trang 11...
2025-06-14 02:30:09,625 - INFO - Đang OCR trang 12...
2025-06-14 02:30:11,473 - INFO - Đang OCR trang 13...
2025-06-14 02:30:13,513 - INFO - Đang OCR trang 14...
2025-06-14 02:30:15,218 - INFO - Đang OCR trang 15...
2025-06-14 02:30:17,157 - INFO - Đang OCR trang 16...
2025-06-14 02:30:18,901 - INFO - Đang OCR trang 17...
2025-06-14 02:30:20,787 - INFO - Đang OCR trang 18...
2025-06-14 02:30:22,816 - INFO - Đang OCR trang 19...
2025-06-14 02:30:24,793 - INFO - Đang OCR trang 20...
2025-06-14 02:30:26,655 - INFO - Đang OCR trang 21...
2025-06-14 02:30:28,436 - INFO - Đang OCR trang 22...
2025-06-14 02:30:30,231 - INFO - Đang OCR trang 23...
2025-06-14 02:30:32,254 - INFO - Đang OCR trang 24...
2025-06-14 02:30:34,189 - INFO - Đang OCR trang 25...
2025-06-14 02:30:35,958 - INFO - Đang OCR trang 26...
2025-06-14 02:30:37,564 - INFO - Đang OCR trang 27...
2025-06-14 02:30:39,344 - INFO - Đang OCR trang 28...
2025-06-14 02:30:41,371 - INFO - Đang OCR trang 29...
2025-06-14 02:30:43,293 - INFO - Đang OCR trang 30...
2025-06-14 02:30:45,157 - INFO - Đang OCR trang 31...
2025-06-14 02:30:47,296 - INFO - Đang OCR trang 32...
2025-06-14 02:30:49,313 - INFO - Đang OCR trang 33...
2025-06-14 02:30:51,556 - INFO - Đang OCR trang 34...
2025-06-14 02:30:53,476 - INFO - Đang OCR trang 35...
2025-06-14 02:30:55,234 - INFO - Đang OCR trang 36...
2025-06-14 02:30:57,205 - INFO - Đang OCR trang 37...
2025-06-14 02:30:59,097 - INFO - Đang OCR trang 38...
2025-06-14 02:31:01,007 - INFO - Đang OCR trang 39...
2025-06-14 02:31:02,761 - INFO - Đang OCR trang 40...
2025-06-14 02:31:04,552 - INFO - Đang OCR trang 41...
2025-06-14 02:31:06,191 - INFO - Đang OCR trang 42...
2025-06-14 02:31:08,161 - INFO - Đang OCR trang 43...
2025-06-14 02:31:09,863 - INFO - Đang OCR trang 44...
2025-06-14 02:31:11,627 - INFO - Đang OCR trang 45...
2025-06-14 02:31:13,414 - INFO - Đang OCR trang 46...
2025-06-14 02:31:15,115 - INFO - Đang OCR trang 47...
2025-06-14 02:31:17,652 - INFO - Đang OCR trang 48...
2025-06-14 02:31:19,489 - INFO - Đang OCR trang 49...
2025-06-14 02:31:21,364 - INFO - Đang OCR trang 50...
2025-06-14 02:31:23,307 - INFO - Đang OCR trang 51...
2025-06-14 02:31:25,235 - INFO - Đang OCR trang 52...
2025-06-14 02:31:26,959 - INFO - Đang OCR trang 53...
2025-06-14 02:31:28,843 - INFO - Đang OCR trang 54...
2025-06-14 02:31:30,433 - INFO - Đang OCR trang 55...
2025-06-14 02:31:32,262 - INFO - Đang OCR trang 56...
2025-06-14 02:31:34,205 - INFO - Đang OCR trang 57...
2025-06-14 02:31:36,022 - INFO - Đang OCR trang 58...
2025-06-14 02:31:38,285 - INFO - Đang OCR trang 59...
2025-06-14 02:31:40,164 - INFO - Đang OCR trang 60...
2025-06-14 02:31:42,236 - INFO - Đang OCR trang 61...
2025-06-14 02:31:44,298 - INFO - Đang OCR trang 62...
2025-06-14 02:31:46,819 - INFO - Đang OCR trang 63...
2025-06-14 02:31:48,790 - INFO - Đang OCR trang 64...
2025-06-14 02:31:50,752 - INFO - Đang OCR trang 65...
2025-06-14 02:31:52,525 - INFO - Đang OCR trang 66...
2025-06-14 02:31:54,348 - INFO - Đang OCR trang 67...
2025-06-14 02:31:56,188 - INFO - Đang OCR trang 68...
2025-06-14 02:31:58,091 - INFO - Đang OCR trang 69...
2025-06-14 02:32:00,023 - INFO - Đang OCR trang 70...
2025-06-14 02:32:02,288 - INFO - Đang OCR trang 71...
2025-06-14 02:32:04,169 - INFO - Đang OCR trang 72...
2025-06-14 02:32:06,257 - INFO - Đang OCR trang 73...
2025-06-14 02:32:08,792 - INFO - Đang OCR trang 74...
2025-06-14 02:32:11,166 - INFO - Đang OCR trang 75...
2025-06-14 02:32:13,113 - INFO - Đang OCR trang 76...
2025-06-14 02:32:15,077 - INFO - Đang OCR trang 77...
2025-06-14 02:32:17,120 - INFO - Đang OCR trang 78...
2025-06-14 02:32:18,883 - INFO - Đang OCR trang 79...
2025-06-14 02:32:20,723 - INFO - Đang OCR trang 80...
2025-06-14 02:32:22,891 - INFO - Đang OCR trang 81...
2025-06-14 02:32:24,809 - INFO - Đang OCR trang 82...
2025-06-14 02:32:27,532 - INFO - Đang OCR trang 83...
2025-06-14 02:32:29,380 - INFO - Đã chuyển đổi thành công: output\VanBanGoc_BO LUAT 45 QH14.txt
2025-06-14 02:43:46,485 - INFO - Không trích xuất được text trực tiếp, đang sử dụng OCR...
2025-06-14 02:44:59,227 - INFO - Đang OCR trang 1...
2025-06-14 02:44:59,228 - INFO - Đang OCR trang 2...
2025-06-14 02:44:59,228 - INFO - Đang OCR trang 3...
2025-06-14 02:44:59,229 - INFO - Đang OCR trang 4...
2025-06-14 02:45:02,651 - INFO - Đang OCR trang 5...
2025-06-14 02:45:03,145 - INFO - Đang OCR trang 6...
2025-06-14 02:45:03,680 - INFO - Đang OCR trang 7...
2025-06-14 02:45:03,728 - INFO - Đang OCR trang 8...
2025-06-14 02:45:05,832 - INFO - Đang OCR trang 9...
2025-06-14 02:45:06,057 - INFO - Đang OCR trang 10...
2025-06-14 02:45:07,302 - INFO - Đang OCR trang 11...
2025-06-14 02:45:07,459 - INFO - Đang OCR trang 12...
2025-06-14 02:45:09,249 - INFO - Đang OCR trang 13...
2025-06-14 02:45:09,252 - INFO - Đang OCR trang 14...
2025-06-14 02:45:10,753 - INFO - Đang OCR trang 15...
2025-06-14 02:45:11,195 - INFO - Đang OCR trang 16...
2025-06-14 02:45:12,574 - INFO - Đang OCR trang 17...
2025-06-14 02:45:12,614 - INFO - Đang OCR trang 18...
2025-06-14 02:45:14,383 - INFO - Đang OCR trang 19...
2025-06-14 02:45:14,506 - INFO - Đang OCR trang 20...
2025-06-14 02:45:15,783 - INFO - Đang OCR trang 21...
2025-06-14 02:45:16,491 - INFO - Đang OCR trang 22...
2025-06-14 02:45:17,889 - INFO - Đang OCR trang 23...
2025-06-14 02:45:18,561 - INFO - Đang OCR trang 24...
2025-06-14 02:45:19,057 - INFO - Đang OCR trang 25...
2025-06-14 02:45:19,787 - INFO - Đang OCR trang 26...
2025-06-14 02:45:21,183 - INFO - Đang OCR trang 27...
2025-06-14 02:45:21,594 - INFO - Đang OCR trang 28...
2025-06-14 02:45:21,940 - INFO - Đang OCR trang 29...
2025-06-14 02:45:22,705 - INFO - Đang OCR trang 30...
2025-06-14 02:45:25,015 - INFO - Đang OCR trang 31...
2025-06-14 02:45:25,212 - INFO - Đang OCR trang 32...
2025-06-14 02:45:25,425 - INFO - Đang OCR trang 33...
2025-06-14 02:45:26,243 - INFO - Đang OCR trang 34...
2025-06-14 02:45:28,846 - INFO - Đang OCR trang 35...
2025-06-14 02:45:29,065 - INFO - Đang OCR trang 36...
2025-06-14 02:45:29,187 - INFO - Đang OCR trang 37...
2025-06-14 02:45:29,804 - INFO - Đang OCR trang 38...
2025-06-14 02:45:32,128 - INFO - Đang OCR trang 39...
2025-06-14 02:45:32,455 - INFO - Đang OCR trang 40...
2025-06-14 02:45:32,645 - INFO - Đang OCR trang 41...
2025-06-14 02:45:33,106 - INFO - Đang OCR trang 42...
2025-06-14 02:45:35,058 - INFO - Đang OCR trang 43...
2025-06-14 02:45:35,379 - INFO - Đang OCR trang 44...
2025-06-14 02:45:36,080 - INFO - Đang OCR trang 45...
2025-06-14 02:45:36,415 - INFO - Đang OCR trang 46...
2025-06-14 02:45:38,378 - INFO - Đang OCR trang 47...
2025-06-14 02:45:38,458 - INFO - Đang OCR trang 48...
2025-06-14 02:45:38,917 - INFO - Đang OCR trang 49...
2025-06-14 02:45:39,245 - INFO - Đang OCR trang 50...
2025-06-14 02:45:41,741 - INFO - Đang OCR trang 51...
2025-06-14 02:45:41,906 - INFO - Đang OCR trang 52...
2025-06-14 02:45:42,110 - INFO - Đang OCR trang 53...
2025-06-14 02:45:42,272 - INFO - Đang OCR trang 54...
2025-06-14 02:45:45,328 - INFO - Đang OCR trang 55...
2025-06-14 02:45:45,464 - INFO - Đang OCR trang 56...
2025-06-14 02:45:45,802 - INFO - Đang OCR trang 57...
2025-06-14 02:45:45,899 - INFO - Đang OCR trang 58...
2025-06-14 02:45:49,506 - INFO - Đang OCR trang 59...
2025-06-14 02:45:50,000 - INFO - Đang OCR trang 60...
2025-06-14 02:45:50,111 - INFO - Đang OCR trang 61...
2025-06-14 02:45:50,201 - INFO - Đang OCR trang 62...
2025-06-14 02:45:52,618 - INFO - Đang OCR trang 63...
2025-06-14 02:45:54,019 - INFO - Đang OCR trang 64...
2025-06-14 02:45:54,029 - INFO - Đang OCR trang 65...
2025-06-14 02:45:54,565 - INFO - Đang OCR trang 66...
2025-06-14 02:45:56,215 - INFO - Đang OCR trang 67...
2025-06-14 02:45:57,447 - INFO - Đang OCR trang 68...
2025-06-14 02:45:58,077 - INFO - Đang OCR trang 69...
2025-06-14 02:45:58,210 - INFO - Đang OCR trang 70...
2025-06-14 02:46:00,129 - INFO - Đang OCR trang 71...
2025-06-14 02:46:01,586 - INFO - Đang OCR trang 72...
2025-06-14 02:46:02,266 - INFO - Đang OCR trang 73...
2025-06-14 02:46:02,615 - INFO - Đang OCR trang 74...
2025-06-14 02:46:03,774 - INFO - Đang OCR trang 75...
2025-06-14 02:46:05,787 - INFO - Đang OCR trang 76...
2025-06-14 02:46:05,805 - INFO - Đang OCR trang 77...
2025-06-14 02:46:06,461 - INFO - Đang OCR trang 78...
2025-06-14 02:46:07,671 - INFO - Đang OCR trang 79...
2025-06-14 02:46:09,396 - INFO - Đang OCR trang 80...
2025-06-14 02:46:09,441 - INFO - Đang OCR trang 81...
2025-06-14 02:46:09,686 - INFO - Đang OCR trang 82...
2025-06-14 02:46:11,371 - INFO - Đang OCR trang 83...
2025-06-14 02:46:13,990 - INFO - Đã chuyển đổi thành công: output\VanBanGoc_BO LUAT 45 QH14.txt
2025-06-14 02:48:09,811 - ERROR - Không tìm thấy file PDF trong URL
2025-06-14 02:49:04,889 - INFO - Không trích xuất được text trực tiếp, đang sử dụng OCR...
2025-06-14 02:49:22,530 - INFO - Đang OCR trang 1...
2025-06-14 02:49:24,663 - INFO - Đang OCR trang 2...
2025-06-14 02:49:27,012 - INFO - Đang OCR trang 3...
2025-06-14 02:49:29,465 - INFO - Đang OCR trang 4...
2025-06-14 02:49:31,707 - INFO - Đang OCR trang 5...
2025-06-14 02:49:33,738 - INFO - Đang OCR trang 6...
2025-06-14 02:49:35,978 - INFO - Đang OCR trang 7...
2025-06-14 02:49:37,984 - INFO - Đang OCR trang 8...
2025-06-14 02:49:40,224 - INFO - Đang OCR trang 9...
2025-06-14 02:49:42,228 - INFO - Đang OCR trang 10...
2025-06-14 02:49:44,141 - INFO - Đang OCR trang 11...
2025-06-14 02:49:46,153 - INFO - Đang OCR trang 12...
2025-06-14 02:49:48,354 - INFO - Đang OCR trang 13...
2025-06-14 02:49:50,435 - INFO - Đang OCR trang 14...
2025-06-14 02:49:52,703 - INFO - Đang OCR trang 15...
2025-06-14 02:49:54,855 - INFO - Đang OCR trang 16...
2025-06-14 02:49:56,939 - INFO - Đang OCR trang 17...
2025-06-14 02:49:58,864 - INFO - Đang OCR trang 18...
2025-06-14 02:50:00,962 - INFO - Đang OCR trang 19...
2025-06-14 02:50:02,842 - INFO - Đang OCR trang 20...
2025-06-14 02:50:04,816 - INFO - Đang OCR trang 21...
2025-06-14 02:50:06,691 - INFO - Đang OCR trang 22...
2025-06-14 02:50:08,575 - INFO - Đang OCR trang 23...
2025-06-14 02:50:10,487 - INFO - Đang OCR trang 24...
2025-06-14 02:50:12,401 - INFO - Đang OCR trang 25...
2025-06-14 02:50:14,407 - INFO - Đang OCR trang 26...
2025-06-14 02:50:16,423 - INFO - Đang OCR trang 27...
2025-06-14 02:50:18,295 - INFO - Đang OCR trang 28...
2025-06-14 02:50:20,140 - INFO - Đang OCR trang 29...
2025-06-14 02:50:22,292 - INFO - Đang OCR trang 30...
2025-06-14 02:50:24,751 - INFO - Đang OCR trang 31...
2025-06-14 02:50:26,894 - INFO - Đang OCR trang 32...
2025-06-14 02:50:28,956 - INFO - Đang OCR trang 33...
2025-06-14 02:50:30,983 - INFO - Đang OCR trang 34...
2025-06-14 02:50:33,117 - INFO - Đang OCR trang 35...
2025-06-14 02:50:35,045 - INFO - Đang OCR trang 36...
2025-06-14 02:50:37,520 - INFO - Đang OCR trang 37...
2025-06-14 02:50:39,573 - INFO - Đang OCR trang 38...
2025-06-14 02:50:42,149 - INFO - Đang OCR trang 39...
2025-06-14 02:50:44,453 - INFO - Đang OCR trang 40...
2025-06-14 02:50:46,785 - INFO - Đang OCR trang 41...
2025-06-14 02:50:49,132 - INFO - Đang OCR trang 42...
2025-06-14 02:50:51,590 - INFO - Đang OCR trang 43...
2025-06-14 02:50:53,818 - INFO - Đang OCR trang 44...
2025-06-14 02:50:55,859 - INFO - Đang OCR trang 45...
2025-06-14 02:50:58,003 - INFO - Đang OCR trang 46...
2025-06-14 02:51:00,141 - INFO - Đang OCR trang 47...
2025-06-14 02:51:02,434 - INFO - Đang OCR trang 48...
2025-06-14 02:51:04,560 - INFO - Đang OCR trang 49...
2025-06-14 02:51:06,856 - INFO - Đang OCR trang 50...
2025-06-14 02:51:08,920 - INFO - Đang OCR trang 51...
2025-06-14 02:51:11,459 - INFO - Đang OCR trang 52...
2025-06-14 02:51:13,655 - INFO - Đang OCR trang 53...
2025-06-14 02:51:16,109 - INFO - Đang OCR trang 54...
2025-06-14 02:51:18,161 - INFO - Đang OCR trang 55...
2025-06-14 02:51:20,341 - INFO - Đang OCR trang 56...
2025-06-14 02:51:23,014 - INFO - Đang OCR trang 57...
2025-06-14 02:51:25,093 - INFO - Đang OCR trang 58...
2025-06-14 02:51:27,382 - INFO - Đang OCR trang 59...
2025-06-14 02:51:29,744 - INFO - Đang OCR trang 60...
2025-06-14 02:51:32,383 - INFO - Đang OCR trang 61...
2025-06-14 02:51:34,839 - INFO - Đang OCR trang 62...
2025-06-14 02:51:37,181 - INFO - Đang OCR trang 63...
2025-06-14 02:51:39,542 - INFO - Đang OCR trang 64...
2025-06-14 02:51:41,810 - INFO - Đang OCR trang 65...
2025-06-14 02:51:44,021 - INFO - Đang OCR trang 66...
2025-06-14 02:51:46,206 - INFO - Đang OCR trang 67...
2025-06-14 02:51:48,372 - INFO - Đang OCR trang 68...
2025-06-14 02:51:50,757 - INFO - Đang OCR trang 69...
2025-06-14 02:51:53,185 - INFO - Đang OCR trang 70...
2025-06-14 02:51:55,193 - INFO - Đang OCR trang 71...
2025-06-14 02:51:57,647 - INFO - Đang OCR trang 72...
2025-06-14 02:51:59,678 - INFO - Đang OCR trang 73...
2025-06-14 02:52:01,794 - INFO - Đang OCR trang 74...
2025-06-14 02:52:04,001 - INFO - Đang OCR trang 75...
2025-06-14 02:52:05,770 - INFO - Đã chuyển đổi thành công: output\_LuatHTX.txt
2025-06-14 02:53:17,295 - INFO - Không trích xuất được text trực tiếp, đang sử dụng OCR...
2025-06-14 02:53:33,801 - INFO - Đang OCR trang 1...
2025-06-14 02:53:35,338 - INFO - Đang OCR trang 2...
2025-06-14 02:53:37,278 - INFO - Đang OCR trang 3...
2025-06-14 02:53:39,441 - INFO - Đang OCR trang 4...
2025-06-14 02:53:41,423 - INFO - Đang OCR trang 5...
2025-06-14 02:53:43,181 - INFO - Đang OCR trang 6...
2025-06-14 02:53:44,837 - INFO - Đang OCR trang 7...
2025-06-14 02:53:46,524 - INFO - Đang OCR trang 8...
2025-06-14 02:53:48,304 - INFO - Đang OCR trang 9...
2025-06-14 02:53:50,054 - INFO - Đang OCR trang 10...
2025-06-14 02:53:52,041 - INFO - Đang OCR trang 11...
2025-06-14 02:53:53,911 - INFO - Đang OCR trang 12...
2025-06-14 02:53:55,715 - INFO - Đang OCR trang 13...
2025-06-14 02:53:57,633 - INFO - Đang OCR trang 14...
2025-06-14 02:53:59,221 - INFO - Đang OCR trang 15...
2025-06-14 02:54:01,097 - INFO - Đang OCR trang 16...
2025-06-14 02:54:03,220 - INFO - Đang OCR trang 17...
2025-06-14 02:54:04,877 - INFO - Đang OCR trang 18...
2025-06-14 02:54:06,628 - INFO - Đang OCR trang 19...
2025-06-14 02:54:08,439 - INFO - Đang OCR trang 20...
2025-06-14 02:54:10,323 - INFO - Đang OCR trang 21...
2025-06-14 02:54:12,341 - INFO - Đang OCR trang 22...
2025-06-14 02:54:14,378 - INFO - Đang OCR trang 23...
2025-06-14 02:54:16,332 - INFO - Đang OCR trang 24...
2025-06-14 02:54:18,253 - INFO - Đang OCR trang 25...
2025-06-14 02:54:20,116 - INFO - Đang OCR trang 26...
2025-06-14 02:54:21,821 - INFO - Đang OCR trang 27...
2025-06-14 02:54:23,622 - INFO - Đang OCR trang 28...
2025-06-14 02:54:25,643 - INFO - Đang OCR trang 29...
2025-06-14 02:54:27,765 - INFO - Đang OCR trang 30...
2025-06-14 02:54:29,774 - INFO - Đang OCR trang 31...
2025-06-14 02:54:31,974 - INFO - Đang OCR trang 32...
2025-06-14 02:54:34,108 - INFO - Đang OCR trang 33...
2025-06-14 02:54:35,991 - INFO - Đang OCR trang 34...
2025-06-14 02:54:37,568 - INFO - Đang OCR trang 35...
2025-06-14 02:54:39,235 - INFO - Đang OCR trang 36...
2025-06-14 02:54:41,251 - INFO - Đang OCR trang 37...
2025-06-14 02:54:42,832 - INFO - Đang OCR trang 38...
2025-06-14 02:54:44,599 - INFO - Đang OCR trang 39...
2025-06-14 02:54:46,507 - INFO - Đang OCR trang 40...
2025-06-14 02:54:48,170 - INFO - Đang OCR trang 41...
2025-06-14 02:54:50,264 - INFO - Đang OCR trang 42...
2025-06-14 02:54:52,297 - INFO - Đang OCR trang 43...
2025-06-14 02:54:54,129 - INFO - Đang OCR trang 44...
2025-06-14 02:54:56,045 - INFO - Đang OCR trang 45...
2025-06-14 02:54:57,797 - INFO - Đang OCR trang 46...
2025-06-14 02:54:59,614 - INFO - Đang OCR trang 47...
2025-06-14 02:55:01,595 - INFO - Đang OCR trang 48...
2025-06-14 02:55:03,707 - INFO - Đang OCR trang 49...
2025-06-14 02:55:05,639 - INFO - Đang OCR trang 50...
2025-06-14 02:55:07,504 - INFO - Đang OCR trang 51...
2025-06-14 02:55:09,885 - INFO - Đang OCR trang 52...
2025-06-14 02:55:11,771 - INFO - Đang OCR trang 53...
2025-06-14 02:55:13,983 - INFO - Đang OCR trang 54...
2025-06-14 02:55:15,620 - INFO - Đang OCR trang 55...
2025-06-14 02:55:17,031 - INFO - Đang OCR trang 56...
2025-06-14 02:55:18,336 - INFO - Đang OCR trang 57...
2025-06-14 02:55:19,880 - INFO - Đang OCR trang 58...
2025-06-14 02:55:20,925 - INFO - Đang OCR trang 59...
2025-06-14 02:55:22,384 - INFO - Đang OCR trang 60...
2025-06-14 02:55:23,911 - INFO - Đang OCR trang 61...
2025-06-14 02:55:25,455 - INFO - Đang OCR trang 62...
2025-06-14 02:55:26,533 - INFO - Đang OCR trang 63...
2025-06-14 02:55:27,824 - INFO - Đang OCR trang 64...
2025-06-14 02:55:29,156 - INFO - Đang OCR trang 65...
2025-06-14 02:55:30,396 - INFO - Đang OCR trang 66...
2025-06-14 02:55:31,638 - INFO - Đang OCR trang 67...
2025-06-14 02:55:32,899 - INFO - Đang OCR trang 68...
2025-06-14 02:55:34,189 - INFO - Đang OCR trang 69...
2025-06-14 02:55:35,456 - INFO - Đang OCR trang 70...
2025-06-14 02:55:36,746 - INFO - Đang OCR trang 71...
2025-06-14 02:55:38,072 - INFO - Đang OCR trang 72...
2025-06-14 02:55:39,464 - INFO - Đang OCR trang 73...
2025-06-14 02:55:40,930 - INFO - Đang OCR trang 74...
2025-06-14 02:55:41,701 - INFO - Đang OCR trang 75...
2025-06-14 02:55:42,992 - INFO - Đang OCR trang 76...
2025-06-14 02:55:44,405 - INFO - Đang OCR trang 77...
2025-06-14 02:55:45,890 - INFO - Đang OCR trang 78...
2025-06-14 02:55:47,410 - INFO - Đang OCR trang 79...
2025-06-14 02:55:48,859 - INFO - Đang OCR trang 80...
2025-06-14 02:55:50,417 - INFO - Đang OCR trang 81...
2025-06-14 02:55:52,063 - INFO - Đang OCR trang 82...
2025-06-14 02:55:53,871 - INFO - Đang OCR trang 83...
2025-06-14 02:55:55,621 - INFO - Đang OCR trang 84...
2025-06-14 02:55:57,119 - INFO - Đã chuyển đổi thành công: output\_LuatDautu2020.docx
2025-06-14 02:55:57,247 - INFO - Không trích xuất được text trực tiếp, đang sử dụng OCR...
2025-06-14 02:56:49,825 - INFO - Đang OCR trang 1...
2025-06-14 02:56:51,514 - INFO - Đang OCR trang 2...
2025-06-14 02:56:53,550 - INFO - Đang OCR trang 3...
2025-06-14 02:56:55,718 - INFO - Đang OCR trang 4...
2025-06-14 02:56:57,660 - INFO - Đang OCR trang 5...
2025-06-14 02:56:59,667 - INFO - Đang OCR trang 6...
2025-06-14 02:57:01,693 - INFO - Đang OCR trang 7...
2025-06-14 02:57:03,604 - INFO - Đang OCR trang 8...
2025-06-14 02:57:05,763 - INFO - Đang OCR trang 9...
2025-06-14 02:57:07,786 - INFO - Đang OCR trang 10...
2025-06-14 02:57:10,658 - INFO - Đang OCR trang 11...
2025-06-14 02:57:12,807 - INFO - Đang OCR trang 12...
2025-06-14 02:57:14,666 - INFO - Đang OCR trang 13...
2025-06-14 02:57:16,443 - INFO - Đang OCR trang 14...
2025-06-14 02:57:18,264 - INFO - Đang OCR trang 15...
2025-06-14 02:57:20,410 - INFO - Đang OCR trang 16...
2025-06-14 02:57:22,456 - INFO - Đang OCR trang 17...
2025-06-14 02:57:24,421 - INFO - Đang OCR trang 18...
2025-06-14 02:57:26,488 - INFO - Đang OCR trang 19...
2025-06-14 02:57:28,484 - INFO - Đang OCR trang 20...
2025-06-14 02:57:30,485 - INFO - Đang OCR trang 21...
2025-06-14 02:57:32,766 - INFO - Đang OCR trang 22...
2025-06-14 02:57:34,615 - INFO - Đang OCR trang 23...
2025-06-14 02:57:36,601 - INFO - Đang OCR trang 24...
2025-06-14 02:57:38,328 - INFO - Đang OCR trang 25...
2025-06-14 02:57:40,176 - INFO - Đang OCR trang 26...
2025-06-14 02:57:42,154 - INFO - Đang OCR trang 27...
2025-06-14 02:57:44,043 - INFO - Đang OCR trang 28...
2025-06-14 02:57:46,022 - INFO - Đang OCR trang 29...
2025-06-14 02:57:47,761 - INFO - Đang OCR trang 30...
2025-06-14 02:57:49,699 - INFO - Đang OCR trang 31...
2025-06-14 02:57:51,772 - INFO - Đang OCR trang 32...
2025-06-14 02:57:53,694 - INFO - Đang OCR trang 33...
2025-06-14 02:57:55,546 - INFO - Đang OCR trang 34...
2025-06-14 02:57:57,456 - INFO - Đang OCR trang 35...
2025-06-14 02:57:59,265 - INFO - Đang OCR trang 36...
2025-06-14 02:58:01,239 - INFO - Đang OCR trang 37...
2025-06-14 02:58:03,134 - INFO - Đang OCR trang 38...
2025-06-14 02:58:05,058 - INFO - Đang OCR trang 39...
2025-06-14 02:58:06,896 - INFO - Đang OCR trang 40...
2025-06-14 02:58:08,623 - INFO - Đang OCR trang 41...
2025-06-14 02:58:10,692 - INFO - Đang OCR trang 42...
2025-06-14 02:58:13,222 - INFO - Đang OCR trang 43...
2025-06-14 02:58:15,192 - INFO - Đang OCR trang 44...
2025-06-14 02:58:17,572 - INFO - Đang OCR trang 45...
2025-06-14 02:58:19,663 - INFO - Đang OCR trang 46...
2025-06-14 02:58:22,255 - INFO - Đang OCR trang 47...
2025-06-14 02:58:24,189 - INFO - Đang OCR trang 48...
2025-06-14 02:58:26,194 - INFO - Đang OCR trang 49...
2025-06-14 02:58:28,018 - INFO - Đang OCR trang 50...
2025-06-14 02:58:30,123 - INFO - Đang OCR trang 51...
2025-06-14 02:58:32,409 - INFO - Đang OCR trang 52...
2025-06-14 02:58:34,519 - INFO - Đang OCR trang 53...
2025-06-14 02:58:36,771 - INFO - Đang OCR trang 54...
2025-06-14 02:58:38,682 - INFO - Đang OCR trang 55...
2025-06-14 02:58:40,518 - INFO - Đang OCR trang 56...
2025-06-14 02:58:42,463 - INFO - Đang OCR trang 57...
2025-06-14 02:58:44,516 - INFO - Đang OCR trang 58...
2025-06-14 02:58:46,344 - INFO - Đang OCR trang 59...
2025-06-14 02:58:48,150 - INFO - Đang OCR trang 60...
2025-06-14 02:58:49,887 - INFO - Đang OCR trang 61...
2025-06-14 02:58:51,968 - INFO - Đang OCR trang 62...
2025-06-14 02:58:53,880 - INFO - Đang OCR trang 63...
2025-06-14 02:58:55,960 - INFO - Đang OCR trang 64...
2025-06-14 02:58:58,256 - INFO - Đang OCR trang 65...
2025-06-14 02:59:00,622 - INFO - Đang OCR trang 66...
2025-06-14 02:59:02,566 - INFO - Đang OCR trang 67...
2025-06-14 02:59:04,512 - INFO - Đang OCR trang 68...
2025-06-14 02:59:06,293 - INFO - Đang OCR trang 69...
2025-06-14 02:59:08,396 - INFO - Đang OCR trang 70...
2025-06-14 02:59:10,474 - INFO - Đang OCR trang 71...
2025-06-14 02:59:12,578 - INFO - Đang OCR trang 72...
2025-06-14 02:59:14,589 - INFO - Đang OCR trang 73...
2025-06-14 02:59:16,680 - INFO - Đang OCR trang 74...
2025-06-14 02:59:18,500 - INFO - Đang OCR trang 75...
2025-06-14 02:59:20,311 - INFO - Đang OCR trang 76...
2025-06-14 02:59:22,288 - INFO - Đang OCR trang 77...
2025-06-14 02:59:24,311 - INFO - Đang OCR trang 78...
2025-06-14 02:59:26,542 - INFO - Đang OCR trang 79...
2025-06-14 02:59:28,510 - INFO - Đang OCR trang 80...
2025-06-14 02:59:30,720 - INFO - Đang OCR trang 81...
2025-06-14 02:59:32,751 - INFO - Đang OCR trang 82...
2025-06-14 02:59:34,712 - INFO - Đang OCR trang 83...
2025-06-14 02:59:36,668 - INFO - Đang OCR trang 84...
2025-06-14 02:59:38,826 - INFO - Đang OCR trang 85...
2025-06-14 02:59:40,759 - INFO - Đang OCR trang 86...
2025-06-14 02:59:42,791 - INFO - Đang OCR trang 87...
2025-06-14 02:59:44,829 - INFO - Đang OCR trang 88...
2025-06-14 02:59:46,723 - INFO - Đang OCR trang 89...
2025-06-14 02:59:48,823 - INFO - Đang OCR trang 90...
2025-06-14 02:59:50,918 - INFO - Đang OCR trang 91...
2025-06-14 02:59:52,842 - INFO - Đang OCR trang 92...
2025-06-14 02:59:54,701 - INFO - Đang OCR trang 93...
2025-06-14 02:59:56,810 - INFO - Đang OCR trang 94...
2025-06-14 02:59:58,975 - INFO - Đang OCR trang 95...
2025-06-14 03:00:01,171 - INFO - Đang OCR trang 96...
2025-06-14 03:00:03,424 - INFO - Đang OCR trang 97...
2025-06-14 03:00:05,478 - INFO - Đang OCR trang 98...
2025-06-14 03:00:07,602 - INFO - Đang OCR trang 99...
2025-06-14 03:00:09,227 - INFO - Đang OCR trang 100...
2025-06-14 03:00:11,034 - INFO - Đang OCR trang 101...
2025-06-14 03:00:12,826 - INFO - Đang OCR trang 102...
2025-06-14 03:00:14,898 - INFO - Đang OCR trang 103...
2025-06-14 03:00:16,927 - INFO - Đang OCR trang 104...
2025-06-14 03:00:18,942 - INFO - Đang OCR trang 105...
2025-06-14 03:00:21,113 - INFO - Đang OCR trang 106...
2025-06-14 03:00:23,027 - INFO - Đang OCR trang 107...
2025-06-14 03:00:24,825 - INFO - Đang OCR trang 108...
2025-06-14 03:00:26,677 - INFO - Đang OCR trang 109...
2025-06-14 03:00:28,763 - INFO - Đang OCR trang 110...
2025-06-14 03:00:30,709 - INFO - Đang OCR trang 111...
2025-06-14 03:00:32,921 - INFO - Đang OCR trang 112...
2025-06-14 03:00:35,099 - INFO - Đang OCR trang 113...
2025-06-14 03:00:37,273 - INFO - Đang OCR trang 114...
2025-06-14 03:00:39,282 - INFO - Đang OCR trang 115...
2025-06-14 03:00:41,149 - INFO - Đang OCR trang 116...
2025-06-14 03:00:43,003 - INFO - Đang OCR trang 117...
2025-06-14 03:00:44,990 - INFO - Đang OCR trang 118...
2025-06-14 03:00:46,872 - INFO - Đang OCR trang 119...
2025-06-14 03:00:49,048 - INFO - Đang OCR trang 120...
2025-06-14 03:00:51,138 - INFO - Đang OCR trang 121...
2025-06-14 03:00:53,284 - INFO - Đang OCR trang 122...
2025-06-14 03:00:55,640 - INFO - Đang OCR trang 123...
2025-06-14 03:00:57,624 - INFO - Đang OCR trang 124...
2025-06-14 03:00:59,610 - INFO - Đã chuyển đổi thành công: output\_LuatDN2014.docx
2025-06-14 03:00:59,813 - INFO - Không trích xuất được text trực tiếp, đang sử dụng OCR...
2025-06-14 03:01:17,880 - INFO - Đang OCR trang 1...
2025-06-14 03:01:19,755 - INFO - Đang OCR trang 2...
2025-06-14 03:01:22,004 - INFO - Đang OCR trang 3...
2025-06-14 03:01:24,077 - INFO - Đang OCR trang 4...
2025-06-14 03:01:26,187 - INFO - Đang OCR trang 5...
2025-06-14 03:01:28,168 - INFO - Đang OCR trang 6...
2025-06-14 03:01:30,780 - INFO - Đang OCR trang 7...
2025-06-14 03:01:32,861 - INFO - Đang OCR trang 8...
2025-06-14 03:01:35,159 - INFO - Đang OCR trang 9...
2025-06-14 03:01:37,504 - INFO - Đang OCR trang 10...
2025-06-14 03:01:39,680 - INFO - Đang OCR trang 11...
2025-06-14 03:02:29,983 - INFO - Đang sử dụng OCR cho các trang: [0, 1, 2, 3, 4, 5, 6, 7, 8, 9, 10, 11, 12, 13, 14, 15, 16, 17, 18, 19, 20, 21, 22, 23, 24, 25, 26, 27, 28, 29, 30, 31, 32, 33, 34, 35, 36, 37, 38, 39, 40, 41, 42, 43, 44, 45, 46, 47, 48, 49, 50, 51, 52, 53, 54, 55, 56, 57, 58, 59, 60, 61, 62, 63, 64, 65, 66, 67, 68, 69, 70, 71, 72, 73, 74, 75, 76, 77, 78, 79, 80, 81, 82]
2025-06-14 03:02:45,027 - ERROR - Lỗi khi trích xuất text: No closing quotation
2025-06-14 03:04:41,620 - INFO - Đang sử dụng OCR cho các trang: [0, 1, 2, 3, 4, 5, 6, 7, 8, 9, 10, 11, 12, 13, 14, 15, 16, 17, 18, 19, 20, 21, 22, 23, 24, 25, 26, 27, 28, 29, 30, 31, 32, 33, 34, 35, 36, 37, 38, 39, 40, 41, 42, 43, 44, 45, 46, 47, 48, 49, 50, 51, 52, 53, 54, 55, 56, 57, 58, 59, 60, 61, 62, 63, 64, 65, 66, 67, 68, 69, 70, 71, 72, 73, 74, 75, 76, 77, 78, 79, 80, 81, 82]
2025-06-14 03:04:58,042 - ERROR - Lỗi khi trích xuất text: No closing quotation
2025-06-14 03:08:26,992 - INFO - Đang sử dụng OCR cho các trang: [0, 1, 2, 3, 4, 5, 6, 7, 8, 9, 10, 11, 12, 13, 14, 15, 16, 17, 18, 19, 20, 21, 22, 23, 24, 25, 26, 27, 28, 29, 30, 31, 32, 33, 34, 35, 36, 37, 38, 39, 40, 41, 42, 43, 44, 45, 46, 47, 48, 49, 50, 51, 52, 53, 54, 55, 56, 57, 58, 59, 60, 61, 62, 63, 64, 65, 66, 67, 68, 69, 70, 71, 72, 73, 74, 75, 76, 77, 78, 79, 80, 81, 82]
2025-06-14 03:09:01,318 - INFO - Đã chuyển đổi thành công: output\VanBanGoc_BO LUAT 45 QH14.txt
2025-06-14 03:15:16,278 - INFO - Không trích xuất được text trực tiếp, đang sử dụng OCR...
2025-06-14 03:15:38,551 - INFO - Đang OCR trang 1...
2025-06-14 03:15:40,051 - INFO - Đang OCR trang 2...
2025-06-14 03:15:42,220 - INFO - Đang OCR trang 3...
2025-06-14 03:15:44,210 - INFO - Đang OCR trang 4...
2025-06-14 03:15:46,126 - INFO - Đang OCR trang 5...
2025-06-14 03:15:48,096 - INFO - Đang OCR trang 6...
2025-06-14 03:15:49,952 - INFO - Đang OCR trang 7...
2025-06-14 03:15:51,983 - INFO - Đang OCR trang 8...
2025-06-14 03:15:54,119 - INFO - Đang OCR trang 9...
2025-06-14 03:15:56,049 - INFO - Đang OCR trang 10...
2025-06-14 03:15:57,861 - INFO - Đang OCR trang 11...
2025-06-14 03:15:59,878 - INFO - Đang OCR trang 12...
2025-06-14 03:16:01,736 - INFO - Đang OCR trang 13...
2025-06-14 03:16:03,608 - INFO - Đang OCR trang 14...
2025-06-14 03:16:05,518 - INFO - Đang OCR trang 15...
2025-06-14 03:16:07,419 - INFO - Đang OCR trang 16...
2025-06-14 03:16:09,850 - INFO - Đang OCR trang 17...
2025-06-14 03:16:12,437 - INFO - Đang OCR trang 18...
2025-06-14 03:16:15,393 - INFO - Đang OCR trang 19...
2025-06-14 03:16:17,980 - INFO - Đang OCR trang 20...
2025-06-14 03:16:20,021 - INFO - Đang OCR trang 21...
2025-06-14 03:16:22,201 - INFO - Đang OCR trang 22...
2025-06-14 03:16:24,231 - INFO - Đang OCR trang 23...
2025-06-14 03:16:26,308 - INFO - Đang OCR trang 24...
2025-06-14 03:16:28,413 - INFO - Đang OCR trang 25...
2025-06-14 03:16:30,537 - INFO - Đang OCR trang 26...
2025-06-14 03:16:32,393 - INFO - Đang OCR trang 27...
2025-06-14 03:16:34,457 - INFO - Đang OCR trang 28...
2025-06-14 03:16:36,663 - INFO - Đang OCR trang 29...
2025-06-14 03:16:38,752 - INFO - Đang OCR trang 30...
2025-06-14 03:16:41,115 - INFO - Đang OCR trang 31...
2025-06-14 03:16:43,669 - INFO - Đang OCR trang 32...
2025-06-14 03:16:46,135 - INFO - Đang OCR trang 33...
2025-06-14 03:16:48,703 - INFO - Đang OCR trang 34...
2025-06-14 03:16:50,836 - INFO - Đang OCR trang 35...
2025-06-14 03:16:52,831 - INFO - Đang OCR trang 36...
2025-06-14 03:16:55,051 - INFO - Đang OCR trang 37...
2025-06-14 03:16:57,158 - INFO - Đang OCR trang 38...
2025-06-14 03:16:59,632 - INFO - Đang OCR trang 39...
2025-06-14 03:17:02,407 - INFO - Đang OCR trang 40...
2025-06-14 03:17:04,635 - INFO - Đang OCR trang 41...
2025-06-14 03:17:06,496 - INFO - Đang OCR trang 42...
2025-06-14 03:17:08,621 - INFO - Đang OCR trang 43...
2025-06-14 03:17:10,519 - INFO - Đang OCR trang 44...
2025-06-14 03:17:12,447 - INFO - Đang OCR trang 45...
2025-06-14 03:17:14,381 - INFO - Đang OCR trang 46...
2025-06-14 03:17:16,282 - INFO - Đang OCR trang 47...
2025-06-14 03:17:18,564 - INFO - Đang OCR trang 48...
2025-06-14 03:17:20,582 - INFO - Đang OCR trang 49...
2025-06-14 03:17:22,568 - INFO - Đang OCR trang 50...
2025-06-14 03:17:24,664 - INFO - Đang OCR trang 51...
2025-06-14 03:17:27,514 - INFO - Đang OCR trang 52...
2025-06-14 03:17:29,422 - INFO - Đang OCR trang 53...
2025-06-14 03:17:31,556 - INFO - Đang OCR trang 54...
2025-06-14 03:17:35,042 - INFO - Đang OCR trang 55...
2025-06-14 03:17:37,284 - INFO - Đang OCR trang 56...
2025-06-14 03:17:39,508 - INFO - Đang OCR trang 57...
2025-06-14 03:17:41,848 - INFO - Đang OCR trang 58...
2025-06-14 03:17:44,338 - INFO - Đang OCR trang 59...
2025-06-14 03:17:47,252 - INFO - Đang OCR trang 60...
2025-06-14 03:17:50,178 - INFO - Đang OCR trang 61...
2025-06-14 03:17:52,448 - INFO - Đang OCR trang 62...
2025-06-14 03:17:54,808 - INFO - Đang OCR trang 63...
2025-06-14 03:17:57,316 - INFO - Đang OCR trang 64...
2025-06-14 03:17:59,729 - INFO - Đang OCR trang 65...
2025-06-14 03:18:01,693 - INFO - Đang OCR trang 66...
2025-06-14 03:18:03,589 - INFO - Đang OCR trang 67...
2025-06-14 03:18:05,444 - INFO - Đang OCR trang 68...
2025-06-14 03:18:07,946 - INFO - Đang OCR trang 69...
2025-06-14 03:18:10,177 - INFO - Đang OCR trang 70...
2025-06-14 03:18:12,409 - INFO - Đang OCR trang 71...
2025-06-14 03:18:14,519 - INFO - Đang OCR trang 72...
2025-06-14 03:18:16,944 - INFO - Đang OCR trang 73...
2025-06-14 03:18:19,300 - INFO - Đang OCR trang 74...
2025-06-14 03:18:21,695 - INFO - Đang OCR trang 75...
2025-06-14 03:18:24,071 - INFO - Đang OCR trang 76...
2025-06-14 03:18:26,428 - INFO - Đang OCR trang 77...
2025-06-14 03:18:28,789 - INFO - Đang OCR trang 78...
2025-06-14 03:18:30,768 - INFO - Đang OCR trang 79...
2025-06-14 03:18:32,807 - INFO - Đang OCR trang 80...
2025-06-14 03:18:34,822 - INFO - Đang OCR trang 81...
2025-06-14 03:18:36,960 - INFO - Đang OCR trang 82...
2025-06-14 03:18:39,237 - INFO - Đang OCR trang 83...
2025-06-14 03:18:40,972 - INFO - Đã chuyển đổi thành công: output\VanBanGoc_BO LUAT 45 QH14.txt
2025-06-14 03:27:11,378 - INFO - Không trích xuất được text trực tiếp, đang sử dụng OCR tối ưu...
2025-06-14 03:27:17,025 - INFO - Bắt đầu OCR tối ưu 83 trang với song song processing...
2025-06-14 03:27:18,282 - INFO - Hoàn thành OCR trang 1/83
2025-06-14 03:27:18,764 - INFO - Hoàn thành OCR trang 3/83
2025-06-14 03:27:18,880 - INFO - Hoàn thành OCR trang 4/83
2025-06-14 03:27:18,993 - INFO - Hoàn thành OCR trang 2/83
2025-06-14 03:27:19,773 - INFO - Hoàn thành OCR trang 5/83
2025-06-14 03:27:20,328 - INFO - Hoàn thành OCR trang 6/83
2025-06-14 03:27:20,519 - INFO - Hoàn thành OCR trang 7/83
2025-06-14 03:27:20,707 - INFO - Hoàn thành OCR trang 8/83
2025-06-14 03:27:21,257 - INFO - Hoàn thành OCR trang 9/83
2025-06-14 03:27:21,902 - INFO - Hoàn thành OCR trang 10/83
2025-06-14 03:27:22,270 - INFO - Hoàn thành OCR trang 11/83
2025-06-14 03:27:22,391 - INFO - Hoàn thành OCR trang 12/83
2025-06-14 03:27:22,677 - INFO - Hoàn thành OCR trang 13/83
2025-06-14 03:27:23,437 - INFO - Hoàn thành OCR trang 14/83
2025-06-14 03:27:23,941 - INFO - Hoàn thành OCR trang 15/83
2025-06-14 03:27:24,001 - INFO - Hoàn thành OCR trang 16/83
2025-06-14 03:27:24,264 - INFO - Hoàn thành OCR trang 17/83
2025-06-14 03:27:25,212 - INFO - Hoàn thành OCR trang 18/83
2025-06-14 03:27:25,473 - INFO - Hoàn thành OCR trang 20/83
2025-06-14 03:27:25,733 - INFO - Hoàn thành OCR trang 19/83
2025-06-14 03:27:25,796 - INFO - Hoàn thành OCR trang 21/83
2025-06-14 03:27:26,742 - INFO - Hoàn thành OCR trang 22/83
2025-06-14 03:27:26,912 - INFO - Hoàn thành OCR trang 23/83
2025-06-14 03:27:27,217 - INFO - Hoàn thành OCR trang 25/83
2025-06-14 03:27:27,502 - INFO - Hoàn thành OCR trang 24/83
2025-06-14 03:27:28,083 - INFO - Hoàn thành OCR trang 26/83
2025-06-14 03:27:28,422 - INFO - Hoàn thành OCR trang 27/83
2025-06-14 03:27:28,972 - INFO - Hoàn thành OCR trang 28/83
2025-06-14 03:27:29,105 - INFO - Hoàn thành OCR trang 29/83
2025-06-14 03:27:29,937 - INFO - Hoàn thành OCR trang 30/83
2025-06-14 03:27:30,336 - INFO - Hoàn thành OCR trang 31/83
2025-06-14 03:27:31,111 - INFO - Hoàn thành OCR trang 32/83
2025-06-14 03:27:31,129 - INFO - Hoàn thành OCR trang 33/83
2025-06-14 03:27:32,066 - INFO - Hoàn thành OCR trang 34/83
2025-06-14 03:27:32,132 - INFO - Hoàn thành OCR trang 35/83
2025-06-14 03:27:33,046 - INFO - Hoàn thành OCR trang 37/83
2025-06-14 03:27:33,137 - INFO - Hoàn thành OCR trang 36/83
2025-06-14 03:27:33,647 - INFO - Hoàn thành OCR trang 39/83
2025-06-14 03:27:34,017 - INFO - Hoàn thành OCR trang 38/83
2025-06-14 03:27:34,652 - INFO - Hoàn thành OCR trang 41/83
2025-06-14 03:27:34,901 - INFO - Hoàn thành OCR trang 40/83
2025-06-14 03:27:35,621 - INFO - Hoàn thành OCR trang 43/83
2025-06-14 03:27:35,649 - INFO - Hoàn thành OCR trang 42/83
2025-06-14 03:27:36,390 - INFO - Hoàn thành OCR trang 44/83
2025-06-14 03:27:36,514 - INFO - Hoàn thành OCR trang 45/83
2025-06-14 03:27:37,288 - INFO - Hoàn thành OCR trang 46/83
2025-06-14 03:27:37,509 - INFO - Hoàn thành OCR trang 47/83
2025-06-14 03:27:38,027 - INFO - Hoàn thành OCR trang 49/83
2025-06-14 03:27:38,091 - INFO - Hoàn thành OCR trang 48/83
2025-06-14 03:27:39,230 - INFO - Hoàn thành OCR trang 50/83
2025-06-14 03:27:39,306 - INFO - Hoàn thành OCR trang 51/83
2025-06-14 03:27:39,728 - INFO - Hoàn thành OCR trang 52/83
2025-06-14 03:27:39,983 - INFO - Hoàn thành OCR trang 53/83
2025-06-14 03:27:41,033 - INFO - Hoàn thành OCR trang 54/83
2025-06-14 03:27:41,203 - INFO - Hoàn thành OCR trang 55/83
2025-06-14 03:27:41,560 - INFO - Hoàn thành OCR trang 57/83
2025-06-14 03:27:41,771 - INFO - Hoàn thành OCR trang 56/83
2025-06-14 03:27:42,613 - INFO - Hoàn thành OCR trang 59/83
2025-06-14 03:27:42,630 - INFO - Hoàn thành OCR trang 58/83
2025-06-14 03:27:43,335 - INFO - Hoàn thành OCR trang 61/83
2025-06-14 03:27:43,392 - INFO - Hoàn thành OCR trang 60/83
2025-06-14 03:27:44,192 - INFO - Hoàn thành OCR trang 62/83
2025-06-14 03:27:44,343 - INFO - Hoàn thành OCR trang 63/83
2025-06-14 03:27:44,861 - INFO - Hoàn thành OCR trang 65/83
2025-06-14 03:27:45,167 - INFO - Hoàn thành OCR trang 64/83
2025-06-14 03:27:45,676 - INFO - Hoàn thành OCR trang 66/83
2025-06-14 03:27:45,843 - INFO - Hoàn thành OCR trang 67/83
2025-06-14 03:27:46,307 - INFO - Hoàn thành OCR trang 68/83
2025-06-14 03:27:46,571 - INFO - Hoàn thành OCR trang 69/83
2025-06-14 03:27:47,391 - INFO - Hoàn thành OCR trang 71/83
2025-06-14 03:27:47,505 - INFO - Hoàn thành OCR trang 70/83
2025-06-14 03:27:48,171 - INFO - Hoàn thành OCR trang 73/83
2025-06-14 03:27:48,307 - INFO - Hoàn thành OCR trang 72/83
2025-06-14 03:27:49,374 - INFO - Hoàn thành OCR trang 75/83
2025-06-14 03:27:49,441 - INFO - Hoàn thành OCR trang 74/83
2025-06-14 03:27:50,045 - INFO - Hoàn thành OCR trang 76/83
2025-06-14 03:27:50,172 - INFO - Hoàn thành OCR trang 77/83
2025-06-14 03:27:50,976 - INFO - Hoàn thành OCR trang 79/83
2025-06-14 03:27:51,062 - INFO - Hoàn thành OCR trang 78/83
2025-06-14 03:27:51,740 - INFO - Hoàn thành OCR trang 80/83
2025-06-14 03:27:51,842 - INFO - Hoàn thành OCR trang 81/83
2025-06-14 03:27:52,157 - INFO - Hoàn thành OCR trang 83/83
2025-06-14 03:27:52,612 - INFO - Hoàn thành OCR trang 82/83
2025-06-14 03:27:52,613 - INFO - Hoàn thành OCR tối ưu 83 trang
2025-06-14 03:27:52,655 - INFO - Đã chuyển đổi thành công: output\VanBanGoc_BO LUAT 45 QH14.txt
